Determining if the function crc32c_value exists in the crc32c failed with the following output:
Change Dir: /home/markus/Desktop/projects/leveldb-less-write-amplification/build/CMakeFiles/CMakeTmp

Run Build Command:"/usr/bin/make" "cmTC_81ac5/fast"
/usr/bin/make -f CMakeFiles/cmTC_81ac5.dir/build.make CMakeFiles/cmTC_81ac5.dir/build
make[1]: Entering directory '/home/markus/Desktop/projects/leveldb-less-write-amplification/build/CMakeFiles/CMakeTmp'
Building C object CMakeFiles/cmTC_81ac5.dir/CheckFunctionExists.c.o
/usr/bin/gcc-7   -DCHECK_FUNCTION_EXISTS=crc32c_value   -std=c11 -o CMakeFiles/cmTC_81ac5.dir/CheckFunctionExists.c.o   -c /usr/share/cmake-3.10/Modules/CheckFunctionExists.c
Linking C executable cmTC_81ac5
/usr/bin/cmake -E cmake_link_script CMakeFiles/cmTC_81ac5.dir/link.txt --verbose=1
/usr/bin/gcc-7  -DCHECK_FUNCTION_EXISTS=crc32c_value    CMakeFiles/cmTC_81ac5.dir/CheckFunctionExists.c.o  -o cmTC_81ac5 -lcrc32c 
/usr/bin/ld: cannot find -lcrc32c
collect2: error: ld returned 1 exit status
CMakeFiles/cmTC_81ac5.dir/build.make:97: recipe for target 'cmTC_81ac5' failed
make[1]: *** [cmTC_81ac5] Error 1
make[1]: Leaving directory '/home/markus/Desktop/projects/leveldb-less-write-amplification/build/CMakeFiles/CMakeTmp'
Makefile:126: recipe for target 'cmTC_81ac5/fast' failed
make: *** [cmTC_81ac5/fast] Error 2


Determining if the function snappy_compress exists in the snappy failed with the following output:
Change Dir: /home/markus/Desktop/projects/leveldb-less-write-amplification/build/CMakeFiles/CMakeTmp

Run Build Command:"/usr/bin/make" "cmTC_bddfc/fast"
/usr/bin/make -f CMakeFiles/cmTC_bddfc.dir/build.make CMakeFiles/cmTC_bddfc.dir/build
make[1]: Entering directory '/home/markus/Desktop/projects/leveldb-less-write-amplification/build/CMakeFiles/CMakeTmp'
Building C object CMakeFiles/cmTC_bddfc.dir/CheckFunctionExists.c.o
/usr/bin/gcc-7   -DCHECK_FUNCTION_EXISTS=snappy_compress   -std=c11 -o CMakeFiles/cmTC_bddfc.dir/CheckFunctionExists.c.o   -c /usr/share/cmake-3.10/Modules/CheckFunctionExists.c
Linking C executable cmTC_bddfc
/usr/bin/cmake -E cmake_link_script CMakeFiles/cmTC_bddfc.dir/link.txt --verbose=1
/usr/bin/gcc-7  -DCHECK_FUNCTION_EXISTS=snappy_compress    CMakeFiles/cmTC_bddfc.dir/CheckFunctionExists.c.o  -o cmTC_bddfc -lsnappy 
/usr/bin/ld: cannot find -lsnappy
collect2: error: ld returned 1 exit status
CMakeFiles/cmTC_bddfc.dir/build.make:97: recipe for target 'cmTC_bddfc' failed
make[1]: *** [cmTC_bddfc] Error 1
make[1]: Leaving directory '/home/markus/Desktop/projects/leveldb-less-write-amplification/build/CMakeFiles/CMakeTmp'
Makefile:126: recipe for target 'cmTC_bddfc/fast' failed
make: *** [cmTC_bddfc/fast] Error 2


Determining if the function malloc exists in the tcmalloc failed with the following output:
Change Dir: /home/markus/Desktop/projects/leveldb-less-write-amplification/build/CMakeFiles/CMakeTmp

Run Build Command:"/usr/bin/make" "cmTC_6cc63/fast"
/usr/bin/make -f CMakeFiles/cmTC_6cc63.dir/build.make CMakeFiles/cmTC_6cc63.dir/build
make[1]: Entering directory '/home/markus/Desktop/projects/leveldb-less-write-amplification/build/CMakeFiles/CMakeTmp'
Building C object CMakeFiles/cmTC_6cc63.dir/CheckFunctionExists.c.o
/usr/bin/gcc-7   -DCHECK_FUNCTION_EXISTS=malloc   -std=c11 -o CMakeFiles/cmTC_6cc63.dir/CheckFunctionExists.c.o   -c /usr/share/cmake-3.10/Modules/CheckFunctionExists.c
<command-line>:0:23: warning: conflicting types for built-in function ‘malloc’ [-Wbuiltin-declaration-mismatch]
/usr/share/cmake-3.10/Modules/CheckFunctionExists.c:7:3: note: in expansion of macro ‘CHECK_FUNCTION_EXISTS’
   CHECK_FUNCTION_EXISTS(void);
   ^~~~~~~~~~~~~~~~~~~~~
Linking C executable cmTC_6cc63
/usr/bin/cmake -E cmake_link_script CMakeFiles/cmTC_6cc63.dir/link.txt --verbose=1
/usr/bin/gcc-7  -DCHECK_FUNCTION_EXISTS=malloc    CMakeFiles/cmTC_6cc63.dir/CheckFunctionExists.c.o  -o cmTC_6cc63 -ltcmalloc 
/usr/bin/ld: cannot find -ltcmalloc
collect2: error: ld returned 1 exit status
CMakeFiles/cmTC_6cc63.dir/build.make:97: recipe for target 'cmTC_6cc63' failed
make[1]: *** [cmTC_6cc63] Error 1
make[1]: Leaving directory '/home/markus/Desktop/projects/leveldb-less-write-amplification/build/CMakeFiles/CMakeTmp'
Makefile:126: recipe for target 'cmTC_6cc63/fast' failed
make: *** [cmTC_6cc63/fast] Error 2


Determining if the F_FULLFSYNC exist failed with the following output:
Change Dir: /home/markus/Desktop/projects/leveldb-less-write-amplification/build/CMakeFiles/CMakeTmp

Run Build Command:"/usr/bin/make" "cmTC_0620b/fast"
/usr/bin/make -f CMakeFiles/cmTC_0620b.dir/build.make CMakeFiles/cmTC_0620b.dir/build
make[1]: Entering directory '/home/markus/Desktop/projects/leveldb-less-write-amplification/build/CMakeFiles/CMakeTmp'
Building CXX object CMakeFiles/cmTC_0620b.dir/CheckSymbolExists.cxx.o
/usr/bin/g++-7    -std=c++11 -o CMakeFiles/cmTC_0620b.dir/CheckSymbolExists.cxx.o -c /home/markus/Desktop/projects/leveldb-less-write-amplification/build/CMakeFiles/CMakeTmp/CheckSymbolExists.cxx
/home/markus/Desktop/projects/leveldb-less-write-amplification/build/CMakeFiles/CMakeTmp/CheckSymbolExists.cxx: In function ‘int main(int, char**)’:
/home/markus/Desktop/projects/leveldb-less-write-amplification/build/CMakeFiles/CMakeTmp/CheckSymbolExists.cxx:8:19: error: ‘F_FULLFSYNC’ was not declared in this scope
   return ((int*)(&F_FULLFSYNC))[argc];
                   ^~~~~~~~~~~
/home/markus/Desktop/projects/leveldb-less-write-amplification/build/CMakeFiles/CMakeTmp/CheckSymbolExists.cxx:8:19: note: suggested alternative: ‘O_FSYNC’
   return ((int*)(&F_FULLFSYNC))[argc];
                   ^~~~~~~~~~~
                   O_FSYNC
CMakeFiles/cmTC_0620b.dir/build.make:65: recipe for target 'CMakeFiles/cmTC_0620b.dir/CheckSymbolExists.cxx.o' failed
make[1]: *** [CMakeFiles/cmTC_0620b.dir/CheckSymbolExists.cxx.o] Error 1
make[1]: Leaving directory '/home/markus/Desktop/projects/leveldb-less-write-amplification/build/CMakeFiles/CMakeTmp'
Makefile:126: recipe for target 'cmTC_0620b/fast' failed
make: *** [cmTC_0620b/fast] Error 2

File /home/markus/Desktop/projects/leveldb-less-write-amplification/build/CMakeFiles/CMakeTmp/CheckSymbolExists.cxx:
/* */
#include <fcntl.h>

int main(int argc, char** argv)
{
  (void)argv;
#ifndef F_FULLFSYNC
  return ((int*)(&F_FULLFSYNC))[argc];
#else
  (void)argc;
  return 0;
#endif
}

Performing C++ SOURCE FILE Test HAVE_CLANG_THREAD_SAFETY failed with the following output:
Change Dir: /home/markus/Desktop/projects/leveldb-less-write-amplification/build/CMakeFiles/CMakeTmp

Run Build Command:"/usr/bin/make" "cmTC_5a4bf/fast"
/usr/bin/make -f CMakeFiles/cmTC_5a4bf.dir/build.make CMakeFiles/cmTC_5a4bf.dir/build
make[1]: Entering directory '/home/markus/Desktop/projects/leveldb-less-write-amplification/build/CMakeFiles/CMakeTmp'
Building CXX object CMakeFiles/cmTC_5a4bf.dir/src.cxx.o
/usr/bin/g++-7    -fno-exceptions -fno-rtti -DHAVE_CLANG_THREAD_SAFETY   -Wthread-safety -std=c++11 -o CMakeFiles/cmTC_5a4bf.dir/src.cxx.o -c /home/markus/Desktop/projects/leveldb-less-write-amplification/build/CMakeFiles/CMakeTmp/src.cxx
g++-7: error: unrecognized command line option '-Wthread-safety'; did you mean '-fthread-jumps'?
CMakeFiles/cmTC_5a4bf.dir/build.make:65: recipe for target 'CMakeFiles/cmTC_5a4bf.dir/src.cxx.o' failed
make[1]: *** [CMakeFiles/cmTC_5a4bf.dir/src.cxx.o] Error 1
make[1]: Leaving directory '/home/markus/Desktop/projects/leveldb-less-write-amplification/build/CMakeFiles/CMakeTmp'
Makefile:126: recipe for target 'cmTC_5a4bf/fast' failed
make: *** [cmTC_5a4bf/fast] Error 2

Source file was:
int main() { return 0; }
Determining if the pthread_create exist failed with the following output:
Change Dir: /home/markus/Desktop/projects/leveldb-less-write-amplification/build/CMakeFiles/CMakeTmp

Run Build Command:"/usr/bin/make" "cmTC_0006d/fast"
/usr/bin/make -f CMakeFiles/cmTC_0006d.dir/build.make CMakeFiles/cmTC_0006d.dir/build
make[1]: Entering directory '/home/markus/Desktop/projects/leveldb-less-write-amplification/build/CMakeFiles/CMakeTmp'
Building C object CMakeFiles/cmTC_0006d.dir/CheckSymbolExists.c.o
/usr/bin/gcc-7   -Wstrict-prototypes    -std=c11 -o CMakeFiles/cmTC_0006d.dir/CheckSymbolExists.c.o   -c /home/markus/Desktop/projects/leveldb-less-write-amplification/build/CMakeFiles/CMakeTmp/CheckSymbolExists.c
Linking C executable cmTC_0006d
/usr/bin/cmake -E cmake_link_script CMakeFiles/cmTC_0006d.dir/link.txt --verbose=1
/usr/bin/gcc-7  -Wstrict-prototypes     CMakeFiles/cmTC_0006d.dir/CheckSymbolExists.c.o  -o cmTC_0006d 
CMakeFiles/cmTC_0006d.dir/CheckSymbolExists.c.o: In function `main':
CheckSymbolExists.c:(.text+0x1b): undefined reference to `pthread_create'
collect2: error: ld returned 1 exit status
CMakeFiles/cmTC_0006d.dir/build.make:97: recipe for target 'cmTC_0006d' failed
make[1]: *** [cmTC_0006d] Error 1
make[1]: Leaving directory '/home/markus/Desktop/projects/leveldb-less-write-amplification/build/CMakeFiles/CMakeTmp'
Makefile:126: recipe for target 'cmTC_0006d/fast' failed
make: *** [cmTC_0006d/fast] Error 2

File /home/markus/Desktop/projects/leveldb-less-write-amplification/build/CMakeFiles/CMakeTmp/CheckSymbolExists.c:
/* */
#include <pthread.h>

int main(int argc, char** argv)
{
  (void)argv;
#ifndef pthread_create
  return ((int*)(&pthread_create))[argc];
#else
  (void)argc;
  return 0;
#endif
}

Determining if the function pthread_create exists in the pthreads failed with the following output:
Change Dir: /home/markus/Desktop/projects/leveldb-less-write-amplification/build/CMakeFiles/CMakeTmp

Run Build Command:"/usr/bin/make" "cmTC_4535a/fast"
/usr/bin/make -f CMakeFiles/cmTC_4535a.dir/build.make CMakeFiles/cmTC_4535a.dir/build
make[1]: Entering directory '/home/markus/Desktop/projects/leveldb-less-write-amplification/build/CMakeFiles/CMakeTmp'
Building C object CMakeFiles/cmTC_4535a.dir/CheckFunctionExists.c.o
/usr/bin/gcc-7   -Wstrict-prototypes -DCHECK_FUNCTION_EXISTS=pthread_create   -std=c11 -o CMakeFiles/cmTC_4535a.dir/CheckFunctionExists.c.o   -c /usr/share/cmake-3.10/Modules/CheckFunctionExists.c
Linking C executable cmTC_4535a
/usr/bin/cmake -E cmake_link_script CMakeFiles/cmTC_4535a.dir/link.txt --verbose=1
/usr/bin/gcc-7  -Wstrict-prototypes -DCHECK_FUNCTION_EXISTS=pthread_create    CMakeFiles/cmTC_4535a.dir/CheckFunctionExists.c.o  -o cmTC_4535a -lpthreads 
/usr/bin/ld: cannot find -lpthreads
collect2: error: ld returned 1 exit status
CMakeFiles/cmTC_4535a.dir/build.make:97: recipe for target 'cmTC_4535a' failed
make[1]: *** [cmTC_4535a] Error 1
make[1]: Leaving directory '/home/markus/Desktop/projects/leveldb-less-write-amplification/build/CMakeFiles/CMakeTmp'
Makefile:126: recipe for target 'cmTC_4535a/fast' failed
make: *** [cmTC_4535a/fast] Error 2


